<?xml version="1.0" encoding="UTF-8"?>
<coverage generated="1661997476956" clover="3.2.0">
  <project timestamp="1661997476956" name="All files">
    <metrics statements="19" coveredstatements="19" conditionals="0" coveredconditionals="0" methods="4" coveredmethods="4" elements="23" coveredelements="23" complexity="0" loc="19" ncloc="19" packages="1" files="4" classes="4"/>
    <file name="index.js" path="/home/kai/Projects/es6-mixin-nano/es6-mixin-nano/src/index.js">
      <metrics statements="0" coveredstatements="0" conditionals="0" coveredconditionals="0" methods="0" coveredmethods="0"/>
    </file>
    <file name="injectMixin.js" path="/home/kai/Projects/es6-mixin-nano/es6-mixin-nano/src/injectMixin.js">
      <metrics statements="9" coveredstatements="9" conditionals="0" coveredconditionals="0" methods="2" coveredmethods="2"/>
      <line num="3" count="2" type="stmt"/>
      <line num="4" count="2" type="stmt"/>
      <line num="5" count="2" type="stmt"/>
      <line num="9" count="36" type="stmt"/>
      <line num="10" count="126" type="stmt"/>
      <line num="11" count="36" type="stmt"/>
      <line num="15" count="12" type="stmt"/>
      <line num="16" count="18" type="stmt"/>
      <line num="17" count="18" type="stmt"/>
    </file>
    <file name="mix.js" path="/home/kai/Projects/es6-mixin-nano/es6-mixin-nano/src/mix.js">
      <metrics statements="5" coveredstatements="5" conditionals="0" coveredconditionals="0" methods="1" coveredmethods="1"/>
      <line num="4" count="6" type="stmt"/>
      <line num="5" count="6" type="stmt"/>
      <line num="6" count="6" type="stmt"/>
      <line num="7" count="6" type="stmt"/>
      <line num="8" count="6" type="stmt"/>
    </file>
    <file name="parentList.js" path="/home/kai/Projects/es6-mixin-nano/es6-mixin-nano/src/parentList.js">
      <metrics statements="5" coveredstatements="5" conditionals="0" coveredconditionals="0" methods="1" coveredmethods="1"/>
      <line num="1" count="3" type="stmt"/>
      <line num="2" count="3" type="stmt"/>
      <line num="5" count="16" type="stmt"/>
      <line num="6" count="16" type="stmt"/>
      <line num="7" count="16" type="stmt"/>
    </file>
  </project>
</coverage>
