{"/home/kai/Projects/es6-mixin-nano/es6-mixin-nano/src/index.js": {"path":"/home/kai/Projects/es6-mixin-nano/es6-mixin-nano/src/index.js","statementMap":{},"fnMap":{},"branchMap":{},"s":{},"f":{},"b":{}}
,"/home/kai/Projects/es6-mixin-nano/es6-mixin-nano/src/injectMixin.js": {"path":"/home/kai/Projects/es6-mixin-nano/es6-mixin-nano/src/injectMixin.js","statementMap":{"0":{"start":{"line":3,"column":56},"end":{"line":3,"column":62}},"1":{"start":{"line":4,"column":19},"end":{"line":4,"column":30}},"2":{"start":{"line":5,"column":24},"end":{"line":5,"column":54}},"3":{"start":{"line":6,"column":24},"end":{"line":6,"column":59}},"4":{"start":{"line":10,"column":21},"end":{"line":10,"column":53}},"5":{"start":{"line":11,"column":2},"end":{"line":11,"column":54}},"6":{"start":{"line":11,"column":31},"end":{"line":11,"column":54}},"7":{"start":{"line":12,"column":2},"end":{"line":12,"column":42}},"8":{"start":{"line":16,"column":2},"end":{"line":19,"column":3}},"9":{"start":{"line":17,"column":4},"end":{"line":17,"column":74}},"10":{"start":{"line":18,"column":4},"end":{"line":18,"column":50}}},"fnMap":{"0":{"name":"applyMixin","decl":{"start":{"line":9,"column":9},"end":{"line":9,"column":19}},"loc":{"start":{"line":9,"column":49},"end":{"line":13,"column":1}},"line":9},"1":{"name":"injectMixin","decl":{"start":{"line":15,"column":24},"end":{"line":15,"column":35}},"loc":{"start":{"line":15,"column":65},"end":{"line":20,"column":1}},"line":15}},"branchMap":{},"s":{"0":2,"1":2,"2":2,"3":2,"4":36,"5":36,"6":126,"7":36,"8":12,"9":18,"10":18},"f":{"0":36,"1":12},"b":{},"_coverageSchema":"1a1c01bbd47fc00a2c39e90264f33305004495a9","hash":"97cf1d0f5a5598dcb85662640139edbccac21495"}
,"/home/kai/Projects/es6-mixin-nano/es6-mixin-nano/src/mix.js": {"path":"/home/kai/Projects/es6-mixin-nano/es6-mixin-nano/src/mix.js","statementMap":{"0":{"start":{"line":4,"column":16},"end":{"line":4,"column":42}},"1":{"start":{"line":5,"column":17},"end":{"line":5,"column":41}},"2":{"start":{"line":6,"column":2},"end":{"line":6,"column":15}},"3":{"start":{"line":7,"column":2},"end":{"line":7,"column":56}},"4":{"start":{"line":7,"column":30},"end":{"line":7,"column":56}},"5":{"start":{"line":8,"column":2},"end":{"line":8,"column":15}}},"fnMap":{"0":{"name":"mix","decl":{"start":{"line":3,"column":24},"end":{"line":3,"column":27}},"loc":{"start":{"line":3,"column":55},"end":{"line":9,"column":1}},"line":3}},"branchMap":{},"s":{"0":6,"1":6,"2":6,"3":6,"4":3,"5":6},"f":{"0":6},"b":{},"_coverageSchema":"1a1c01bbd47fc00a2c39e90264f33305004495a9","hash":"00071b7321851ffa5410e2e241b5eb822aef9330"}
,"/home/kai/Projects/es6-mixin-nano/es6-mixin-nano/src/parentList.js": {"path":"/home/kai/Projects/es6-mixin-nano/es6-mixin-nano/src/parentList.js","statementMap":{"0":{"start":{"line":1,"column":27},"end":{"line":1,"column":33}},"1":{"start":{"line":2,"column":20},"end":{"line":2,"column":42}},"2":{"start":{"line":5,"column":21},"end":{"line":5,"column":28}},"3":{"start":{"line":6,"column":2},"end":{"line":6,"column":80}},"4":{"start":{"line":6,"column":57},"end":{"line":6,"column":80}},"5":{"start":{"line":7,"column":2},"end":{"line":7,"column":30}}},"fnMap":{"0":{"name":"parentList","decl":{"start":{"line":4,"column":24},"end":{"line":4,"column":34}},"loc":{"start":{"line":4,"column":42},"end":{"line":8,"column":1}},"line":4}},"branchMap":{},"s":{"0":3,"1":3,"2":16,"3":16,"4":12,"5":16},"f":{"0":16},"b":{},"_coverageSchema":"1a1c01bbd47fc00a2c39e90264f33305004495a9","hash":"6d85eec6ea527995f7b0f5fe34bb827abbb0366c"}
}
