TN:
SF:src/index.js
FNF:0
FNH:0
LF:0
LH:0
BRF:0
BRH:0
end_of_record
TN:
SF:src/injectMixin.js
FN:8,applyMixin
FN:14,injectMixin
FNF:2
FNH:2
FNDA:36,applyMixin
FNDA:12,injectMixin
DA:3,2
DA:4,2
DA:5,2
DA:9,36
DA:10,126
DA:11,36
DA:15,12
DA:16,18
DA:17,18
LF:9
LH:9
BRF:0
BRH:0
end_of_record
TN:
SF:src/mix.js
FN:3,mix
FNF:1
FNH:1
FNDA:6,mix
DA:4,6
DA:5,6
DA:6,6
DA:7,6
DA:8,6
LF:5
LH:5
BRF:0
BRH:0
end_of_record
TN:
SF:src/parentList.js
FN:4,parentList
FNF:1
FNH:1
FNDA:16,parentList
DA:1,3
DA:2,3
DA:5,16
DA:6,16
DA:7,16
LF:5
LH:5
BRF:0
BRH:0
end_of_record
